Traceback (most recent call last):
  File "/root/miniforge3/envs/xtang-embedding-cpu/lib/python3.12/site-packages/urllib3/connection.py", line 198, in _new_conn
    sock = connection.create_connection(
           ^^^^^^^^^^^^^^^^^^^^^^^^^^^^^
  File "/root/miniforge3/envs/xtang-embedding-cpu/lib/python3.12/site-packages/urllib3/util/connection.py", line 85, in create_connection
    raise err
  File "/root/miniforge3/envs/xtang-embedding-cpu/lib/python3.12/site-packages/urllib3/util/connection.py", line 73, in create_connection
    sock.connect(sa)
ConnectionRefusedError: [Errno 111] Connection refused

The above exception was the direct cause of the following exception:

Traceback (most recent call last):
  File "/root/miniforge3/envs/xtang-embedding-cpu/lib/python3.12/site-packages/urllib3/connectionpool.py", line 787, in urlopen
    response = self._make_request(
               ^^^^^^^^^^^^^^^^^^^
  File "/root/miniforge3/envs/xtang-embedding-cpu/lib/python3.12/site-packages/urllib3/connectionpool.py", line 493, in _make_request
    conn.request(
  File "/root/miniforge3/envs/xtang-embedding-cpu/lib/python3.12/site-packages/urllib3/connection.py", line 494, in request
    self.endheaders()
  File "/root/miniforge3/envs/xtang-embedding-cpu/lib/python3.12/http/client.py", line 1314, in endheaders
    self._send_output(message_body, encode_chunked=encode_chunked)
  File "/root/miniforge3/envs/xtang-embedding-cpu/lib/python3.12/http/client.py", line 1074, in _send_output
    self.send(msg)
  File "/root/miniforge3/envs/xtang-embedding-cpu/lib/python3.12/http/client.py", line 1018, in send
    self.connect()
  File "/root/miniforge3/envs/xtang-embedding-cpu/lib/python3.12/site-packages/urllib3/connection.py", line 325, in connect
    self.sock = self._new_conn()
                ^^^^^^^^^^^^^^^^
  File "/root/miniforge3/envs/xtang-embedding-cpu/lib/python3.12/site-packages/urllib3/connection.py", line 213, in _new_conn
    raise NewConnectionError(
urllib3.exceptions.NewConnectionError: <urllib3.connection.HTTPConnection object at 0x7f45e68dbb00>: Failed to establish a new connection: [Errno 111] Connection refused

The above exception was the direct cause of the following exception:

Traceback (most recent call last):
  File "/root/miniforge3/envs/xtang-embedding-cpu/lib/python3.12/site-packages/requests/adapters.py", line 644, in send
    resp = conn.urlopen(
           ^^^^^^^^^^^^^
  File "/root/miniforge3/envs/xtang-embedding-cpu/lib/python3.12/site-packages/urllib3/connectionpool.py", line 841, in urlopen
    retries = retries.increment(
              ^^^^^^^^^^^^^^^^^^
  File "/root/miniforge3/envs/xtang-embedding-cpu/lib/python3.12/site-packages/urllib3/util/retry.py", line 519, in increment
    raise MaxRetryError(_pool, url, reason) from reason  # type: ignore[arg-type]
    ^^^^^^^^^^^^^^^^^^^^^^^^^^^^^^^^^^^^^^^^^^^^^^^^^^^
urllib3.exceptions.MaxRetryError: HTTPConnectionPool(host='127.0.0.1', port=30000): Max retries exceeded with url: /v1/embeddings (Caused by NewConnectionError('<urllib3.connection.HTTPConnection object at 0x7f45e68dbb00>: Failed to establish a new connection: [Errno 111] Connection refused'))

During handling of the above exception, another exception occurred:

Traceback (most recent call last):
  File "/home/xtang/embedding_eval/src/customer/t/benchmark_clip_sglang.py", line 869, in <module>
    main()
  File "/home/xtang/embedding_eval/src/customer/t/benchmark_clip_sglang.py", line 788, in main
    embs = enc.encode_v1_multimodal_pairlist_prepared(
           ^^^^^^^^^^^^^^^^^^^^^^^^^^^^^^^^^^^^^^^^^^^
  File "/home/xtang/embedding_eval/src/customer/t/benchmark_clip_sglang.py", line 623, in encode_v1_multimodal_pairlist_prepared
    resp = self.session.post(url, json=payload, headers=headers, timeout=self.timeout)
           ^^^^^^^^^^^^^^^^^^^^^^^^^^^^^^^^^^^^^^^^^^^^^^^^^^^^^^^^^^^^^^^^^^^^^^^^^^^
  File "/root/miniforge3/envs/xtang-embedding-cpu/lib/python3.12/site-packages/requests/sessions.py", line 637, in post
    return self.request("POST", url, data=data, json=json, **kwargs)
           ^^^^^^^^^^^^^^^^^^^^^^^^^^^^^^^^^^^^^^^^^^^^^^^^^^^^^^^^^
  File "/root/miniforge3/envs/xtang-embedding-cpu/lib/python3.12/site-packages/requests/sessions.py", line 589, in request
    resp = self.send(prep, **send_kwargs)
           ^^^^^^^^^^^^^^^^^^^^^^^^^^^^^^
  File "/root/miniforge3/envs/xtang-embedding-cpu/lib/python3.12/site-packages/requests/sessions.py", line 703, in send
    r = adapter.send(request, **kwargs)
        ^^^^^^^^^^^^^^^^^^^^^^^^^^^^^^^
  File "/root/miniforge3/envs/xtang-embedding-cpu/lib/python3.12/site-packages/requests/adapters.py", line 677, in send
    raise ConnectionError(e, request=request)
requests.exceptions.ConnectionError: HTTPConnectionPool(host='127.0.0.1', port=30000): Max retries exceeded with url: /v1/embeddings (Caused by NewConnectionError('<urllib3.connection.HTTPConnection object at 0x7f45e68dbb00>: Failed to establish a new connection: [Errno 111] Connection refused'))
